*.bat
*.cpp
*.def
*.h
*.ico
*.ide
*.iss
*.ini
AppName.lst
*.mak
*.rc
*.rh
htm\*.htm
htm\*.xml
doc\*.txt
doc\htm\*.htm
lmupdate\*.cpp
lmupdate\*.def
lmupdate\*.ide
lmupdate\*.rc
_sql\*.sql
datinger\*.c
datinger\*.ide
datinger\*.def
copier\*.cpp
copier\*.ide
dumper\*.txt
dumper\*.cpp
dumper\*.ide
dumper\*.h
connect\*.cpp
connect\*.ide
connect\*.h
connect\*.rc
connect\*.rh
connect\*.def
connect\*.ico
halinger\*.c
halinger\*.ide
halinger\*.def
text\*.fm?
image\*.bmp
image\court\*.bmp
serialno\*.c
serialno\*.ide
serialno\*.txt
